1678769286.719226 client started (790483): version 3.2a, socket /tmp/tmux-0/default, protocol 8
1678769286.719348 on Linux 5.14.0-70.13.1.el9_0.x86_64 #1 SMP PREEMPT Wed May 25 21:01:57 UTC 2022
1678769286.719373 using libevent 2.1.12-stable (poll); ncurses 6.2
1678769286.719401 flags are 0x18010000
1678769286.719413 socket is /tmp/tmux-0/default
1678769286.719442 trying connect
1678769286.719474 connect failed: Connection refused
1678769286.719489 lock file is /tmp/tmux-0/default.lock
1678769286.719562 flock succeeded
1678769286.719569 got lock (6)
1678769286.719580 trying connect
1678769286.719593 connect failed: Connection refused
1678769286.719956 add peer 0x55c1587313b0: 7 ((nil))
1678769286.720584 sending message 100 to peer 0x55c1587313b0 (4 bytes)
1678769286.720600 sending message 111 to peer 0x55c1587313b0 (8 bytes)
1678769286.720606 sending message 101 to peer 0x55c1587313b0 (15 bytes)
1678769286.720612 sending message 109 to peer 0x55c1587313b0 (4 bytes)
1678769286.720617 sending message 102 to peer 0x55c1587313b0 (11 bytes)
1678769286.720623 sending message 108 to peer 0x55c1587313b0 (24 bytes)
1678769286.720629 sending message 112 to peer 0x55c1587313b0 (58 bytes)
1678769286.720635 sending message 112 to peer 0x55c1587313b0 (5 bytes)
1678769286.720641 sending message 112 to peer 0x55c1587313b0 (5 bytes)
1678769286.720647 sending message 112 to peer 0x55c1587313b0 (6 bytes)
1678769286.720652 sending message 112 to peer 0x55c1587313b0 (6 bytes)
1678769286.720658 sending message 112 to peer 0x55c1587313b0 (11 bytes)
1678769286.720664 sending message 112 to peer 0x55c1587313b0 (10 bytes)
1678769286.720669 sending message 112 to peer 0x55c1587313b0 (13 bytes)
1678769286.720675 sending message 112 to peer 0x55c1587313b0 (14 bytes)
1678769286.720680 sending message 112 to peer 0x55c1587313b0 (19 bytes)
1678769286.720686 sending message 112 to peer 0x55c1587313b0 (11 bytes)
1678769286.720691 sending message 112 to peer 0x55c1587313b0 (10 bytes)
1678769286.720696 sending message 112 to peer 0x55c1587313b0 (15 bytes)
1678769286.720702 sending message 112 to peer 0x55c1587313b0 (21 bytes)
1678769286.720708 sending message 112 to peer 0x55c1587313b0 (13 bytes)
1678769286.720713 sending message 112 to peer 0x55c1587313b0 (7 bytes)
1678769286.720719 sending message 112 to peer 0x55c1587313b0 (13 bytes)
1678769286.720725 sending message 112 to peer 0x55c1587313b0 (7 bytes)
1678769286.720730 sending message 112 to peer 0x55c1587313b0 (13 bytes)
1678769286.720736 sending message 112 to peer 0x55c1587313b0 (9 bytes)
1678769286.720741 sending message 112 to peer 0x55c1587313b0 (21 bytes)
1678769286.720747 sending message 112 to peer 0x55c1587313b0 (13 bytes)
1678769286.720753 sending message 112 to peer 0x55c1587313b0 (9 bytes)
1678769286.720758 sending message 112 to peer 0x55c1587313b0 (16 bytes)
1678769286.720764 sending message 112 to peer 0x55c1587313b0 (13 bytes)
1678769286.720769 sending message 112 to peer 0x55c1587313b0 (9 bytes)
1678769286.720775 sending message 112 to peer 0x55c1587313b0 (9 bytes)
1678769286.720780 sending message 112 to peer 0x55c1587313b0 (12 bytes)
1678769286.720811 sending message 112 to peer 0x55c1587313b0 (8 bytes)
1678769286.720822 sending message 112 to peer 0x55c1587313b0 (8 bytes)
1678769286.720828 sending message 112 to peer 0x55c1587313b0 (13 bytes)
1678769286.720834 sending message 112 to peer 0x55c1587313b0 (7 bytes)
1678769286.720839 sending message 112 to peer 0x55c1587313b0 (7 bytes)
1678769286.720844 sending message 112 to peer 0x55c1587313b0 (9 bytes)
1678769286.720850 sending message 112 to peer 0x55c1587313b0 (9 bytes)
1678769286.720855 sending message 112 to peer 0x55c1587313b0 (15 bytes)
1678769286.720861 sending message 112 to peer 0x55c1587313b0 (13 bytes)
1678769286.720866 sending message 112 to peer 0x55c1587313b0 (12 bytes)
1678769286.720872 sending message 112 to peer 0x55c1587313b0 (8 bytes)
1678769286.720877 sending message 112 to peer 0x55c1587313b0 (14 bytes)
1678769286.720882 sending message 112 to peer 0x55c1587313b0 (11 bytes)
1678769286.720888 sending message 112 to peer 0x55c1587313b0 (9 bytes)
1678769286.720904 sending message 112 to peer 0x55c1587313b0 (10 bytes)
1678769286.720911 sending message 112 to peer 0x55c1587313b0 (10 bytes)
1678769286.720917 sending message 112 to peer 0x55c1587313b0 (10 bytes)
1678769286.720923 sending message 112 to peer 0x55c1587313b0 (10 bytes)
1678769286.720930 sending message 112 to peer 0x55c1587313b0 (11 bytes)
1678769286.720940 sending message 112 to peer 0x55c1587313b0 (12 bytes)
1678769286.720946 sending message 112 to peer 0x55c1587313b0 (12 bytes)
1678769286.720952 sending message 112 to peer 0x55c1587313b0 (12 bytes)
1678769286.720957 sending message 112 to peer 0x55c1587313b0 (12 bytes)
1678769286.720963 sending message 112 to peer 0x55c1587313b0 (12 bytes)
1678769286.720968 sending message 112 to peer 0x55c1587313b0 (11 bytes)
1678769286.720973 sending message 112 to peer 0x55c1587313b0 (11 bytes)
1678769286.720979 sending message 112 to peer 0x55c1587313b0 (12 bytes)
1678769286.720984 sending message 112 to peer 0x55c1587313b0 (12 bytes)
1678769286.720990 sending message 112 to peer 0x55c1587313b0 (12 bytes)
1678769286.720995 sending message 112 to peer 0x55c1587313b0 (12 bytes)
1678769286.721000 sending message 112 to peer 0x55c1587313b0 (12 bytes)
1678769286.721006 sending message 112 to peer 0x55c1587313b0 (9 bytes)
1678769286.721011 sending message 112 to peer 0x55c1587313b0 (12 bytes)
1678769286.721017 sending message 112 to peer 0x55c1587313b0 (13 bytes)
1678769286.721022 sending message 112 to peer 0x55c1587313b0 (13 bytes)
1678769286.721028 sending message 112 to peer 0x55c1587313b0 (13 bytes)
1678769286.721033 sending message 112 to peer 0x55c1587313b0 (13 bytes)
1678769286.721038 sending message 112 to peer 0x55c1587313b0 (13 bytes)
1678769286.721044 sending message 112 to peer 0x55c1587313b0 (8 bytes)
1678769286.721049 sending message 112 to peer 0x55c1587313b0 (11 bytes)
1678769286.721055 sending message 112 to peer 0x55c1587313b0 (11 bytes)
1678769286.721060 sending message 112 to peer 0x55c1587313b0 (11 bytes)
1678769286.721065 sending message 112 to peer 0x55c1587313b0 (12 bytes)
1678769286.721071 sending message 112 to peer 0x55c1587313b0 (12 bytes)
1678769286.721076 sending message 112 to peer 0x55c1587313b0 (12 bytes)
1678769286.721081 sending message 112 to peer 0x55c1587313b0 (12 bytes)
1678769286.721087 sending message 112 to peer 0x55c1587313b0 (13 bytes)
1678769286.721093 sending message 112 to peer 0x55c1587313b0 (13 bytes)
1678769286.721098 sending message 112 to peer 0x55c1587313b0 (13 bytes)
1678769286.721103 sending message 112 to peer 0x55c1587313b0 (8 bytes)
1678769286.721109 sending message 112 to peer 0x55c1587313b0 (13 bytes)
1678769286.721114 sending message 112 to peer 0x55c1587313b0 (13 bytes)
1678769286.721120 sending message 112 to peer 0x55c1587313b0 (13 bytes)
1678769286.721125 sending message 112 to peer 0x55c1587313b0 (13 bytes)
1678769286.721130 sending message 112 to peer 0x55c1587313b0 (13 bytes)
1678769286.721136 sending message 112 to peer 0x55c1587313b0 (12 bytes)
1678769286.721141 sending message 112 to peer 0x55c1587313b0 (12 bytes)
1678769286.721146 sending message 112 to peer 0x55c1587313b0 (12 bytes)
1678769286.721154 sending message 112 to peer 0x55c1587313b0 (12 bytes)
1678769286.721167 sending message 112 to peer 0x55c1587313b0 (13 bytes)
1678769286.721177 sending message 112 to peer 0x55c1587313b0 (8 bytes)
1678769286.721187 sending message 112 to peer 0x55c1587313b0 (13 bytes)
1678769286.721198 sending message 112 to peer 0x55c1587313b0 (13 bytes)
1678769286.721210 sending message 112 to peer 0x55c1587313b0 (13 bytes)
1678769286.721224 sending message 112 to peer 0x55c1587313b0 (13 bytes)
1678769286.721235 sending message 112 to peer 0x55c1587313b0 (13 bytes)
1678769286.721240 sending message 112 to peer 0x55c1587313b0 (13 bytes)
1678769286.721246 sending message 112 to peer 0x55c1587313b0 (13 bytes)
1678769286.721251 sending message 112 to peer 0x55c1587313b0 (12 bytes)
1678769286.721257 sending message 112 to peer 0x55c1587313b0 (12 bytes)
1678769286.721262 sending message 112 to peer 0x55c1587313b0 (12 bytes)
1678769286.721277 sending message 112 to peer 0x55c1587313b0 (8 bytes)
1678769286.721283 sending message 112 to peer 0x55c1587313b0 (12 bytes)
1678769286.721289 sending message 112 to peer 0x55c1587313b0 (13 bytes)
1678769286.721294 sending message 112 to peer 0x55c1587313b0 (13 bytes)
1678769286.721300 sending message 112 to peer 0x55c1587313b0 (13 bytes)
1678769286.721319 sending message 112 to peer 0x55c1587313b0 (13 bytes)
1678769286.721327 sending message 112 to peer 0x55c1587313b0 (13 bytes)
1678769286.721332 sending message 112 to peer 0x55c1587313b0 (13 bytes)
1678769286.721337 sending message 112 to peer 0x55c1587313b0 (13 bytes)
1678769286.721343 sending message 112 to peer 0x55c1587313b0 (13 bytes)
1678769286.721348 sending message 112 to peer 0x55c1587313b0 (12 bytes)
1678769286.721353 sending message 112 to peer 0x55c1587313b0 (10 bytes)
1678769286.721359 sending message 112 to peer 0x55c1587313b0 (12 bytes)
1678769286.721364 sending message 112 to peer 0x55c1587313b0 (12 bytes)
1678769286.721369 sending message 112 to peer 0x55c1587313b0 (12 bytes)
1678769286.721375 sending message 112 to peer 0x55c1587313b0 (13 bytes)
1678769286.721380 sending message 112 to peer 0x55c1587313b0 (13 bytes)
1678769286.721385 sending message 112 to peer 0x55c1587313b0 (13 bytes)
1678769286.721391 sending message 112 to peer 0x55c1587313b0 (13 bytes)
1678769286.721396 sending message 112 to peer 0x55c1587313b0 (13 bytes)
1678769286.721402 sending message 112 to peer 0x55c1587313b0 (13 bytes)
1678769286.721407 sending message 112 to peer 0x55c1587313b0 (13 bytes)
1678769286.721413 sending message 112 to peer 0x55c1587313b0 (10 bytes)
1678769286.721418 sending message 112 to peer 0x55c1587313b0 (13 bytes)
1678769286.721423 sending message 112 to peer 0x55c1587313b0 (12 bytes)
1678769286.721429 sending message 112 to peer 0x55c1587313b0 (12 bytes)
1678769286.721434 sending message 112 to peer 0x55c1587313b0 (12 bytes)
1678769286.721440 sending message 112 to peer 0x55c1587313b0 (10 bytes)
1678769286.721445 sending message 112 to peer 0x55c1587313b0 (10 bytes)
1678769286.721450 sending message 112 to peer 0x55c1587313b0 (10 bytes)
1678769286.721456 sending message 112 to peer 0x55c1587313b0 (12 bytes)
1678769286.721461 sending message 112 to peer 0x55c1587313b0 (13 bytes)
1678769286.721467 sending message 112 to peer 0x55c1587313b0 (13 bytes)
1678769286.721480 sending message 112 to peer 0x55c1587313b0 (13 bytes)
1678769286.721488 sending message 112 to peer 0x55c1587313b0 (13 bytes)
1678769286.721494 sending message 112 to peer 0x55c1587313b0 (13 bytes)
1678769286.721500 sending message 112 to peer 0x55c1587313b0 (10 bytes)
1678769286.721505 sending message 112 to peer 0x55c1587313b0 (11 bytes)
1678769286.721510 sending message 112 to peer 0x55c1587313b0 (12 bytes)
1678769286.721516 sending message 112 to peer 0x55c1587313b0 (12 bytes)
1678769286.721521 sending message 112 to peer 0x55c1587313b0 (12 bytes)
1678769286.721526 sending message 112 to peer 0x55c1587313b0 (12 bytes)
1678769286.721532 sending message 112 to peer 0x55c1587313b0 (12 bytes)
1678769286.721537 sending message 112 to peer 0x55c1587313b0 (11 bytes)
1678769286.721542 sending message 112 to peer 0x55c1587313b0 (12 bytes)
1678769286.721548 sending message 112 to peer 0x55c1587313b0 (12 bytes)
1678769286.721553 sending message 112 to peer 0x55c1587313b0 (13 bytes)
1678769286.721558 sending message 112 to peer 0x55c1587313b0 (13 bytes)
1678769286.721564 sending message 112 to peer 0x55c1587313b0 (13 bytes)
1678769286.721569 sending message 112 to peer 0x55c1587313b0 (13 bytes)
1678769286.721574 sending message 112 to peer 0x55c1587313b0 (13 bytes)
1678769286.721580 sending message 112 to peer 0x55c1587313b0 (10 bytes)
1678769286.721585 sending message 112 to peer 0x55c1587313b0 (9 bytes)
1678769286.721590 sending message 112 to peer 0x55c1587313b0 (12 bytes)
1678769286.721596 sending message 112 to peer 0x55c1587313b0 (13 bytes)
1678769286.721601 sending message 112 to peer 0x55c1587313b0 (13 bytes)
1678769286.721607 sending message 112 to peer 0x55c1587313b0 (13 bytes)
1678769286.721620 sending message 112 to peer 0x55c1587313b0 (13 bytes)
1678769286.721627 sending message 112 to peer 0x55c1587313b0 (13 bytes)
1678769286.721632 sending message 112 to peer 0x55c1587313b0 (9 bytes)
1678769286.721638 sending message 112 to peer 0x55c1587313b0 (12 bytes)
1678769286.721643 sending message 112 to peer 0x55c1587313b0 (13 bytes)
1678769286.721649 sending message 112 to peer 0x55c1587313b0 (13 bytes)
1678769286.721654 sending message 112 to peer 0x55c1587313b0 (13 bytes)
1678769286.721660 sending message 112 to peer 0x55c1587313b0 (13 bytes)
1678769286.721665 sending message 112 to peer 0x55c1587313b0 (13 bytes)
1678769286.721671 sending message 112 to peer 0x55c1587313b0 (11 bytes)
1678769286.721677 sending message 112 to peer 0x55c1587313b0 (12 bytes)
1678769286.721682 sending message 112 to peer 0x55c1587313b0 (13 bytes)
1678769286.721688 sending message 112 to peer 0x55c1587313b0 (13 bytes)
1678769286.721693 sending message 112 to peer 0x55c1587313b0 (13 bytes)
1678769286.721699 sending message 112 to peer 0x55c1587313b0 (13 bytes)
1678769286.721704 sending message 112 to peer 0x55c1587313b0 (13 bytes)
1678769286.721710 sending message 112 to peer 0x55c1587313b0 (11 bytes)
1678769286.721715 sending message 112 to peer 0x55c1587313b0 (12 bytes)
1678769286.721721 sending message 112 to peer 0x55c1587313b0 (12 bytes)
1678769286.721726 sending message 112 to peer 0x55c1587313b0 (12 bytes)
1678769286.721732 sending message 112 to peer 0x55c1587313b0 (12 bytes)
1678769286.721737 sending message 112 to peer 0x55c1587313b0 (12 bytes)
1678769286.721743 sending message 112 to peer 0x55c1587313b0 (21 bytes)
1678769286.721748 sending message 112 to peer 0x55c1587313b0 (12 bytes)
1678769286.721754 sending message 112 to peer 0x55c1587313b0 (9 bytes)
1678769286.721759 sending message 112 to peer 0x55c1587313b0 (6 bytes)
1678769286.721765 sending message 112 to peer 0x55c1587313b0 (13 bytes)
1678769286.721771 sending message 112 to peer 0x55c1587313b0 (10 bytes)
1678769286.721776 sending message 112 to peer 0x55c1587313b0 (24 bytes)
1678769286.721782 sending message 112 to peer 0x55c1587313b0 (13 bytes)
1678769286.721811 sending message 112 to peer 0x55c1587313b0 (9 bytes)
1678769286.721821 sending message 112 to peer 0x55c1587313b0 (70 bytes)
1678769286.721827 sending message 112 to peer 0x55c1587313b0 (69 bytes)
1678769286.721833 sending message 112 to peer 0x55c1587313b0 (12 bytes)
1678769286.721838 sending message 112 to peer 0x55c1587313b0 (10 bytes)
1678769286.721843 sending message 112 to peer 0x55c1587313b0 (10 bytes)
1678769286.721849 sending message 112 to peer 0x55c1587313b0 (24 bytes)
1678769286.721854 sending message 112 to peer 0x55c1587313b0 (13 bytes)
1678769286.721859 sending message 112 to peer 0x55c1587313b0 (10 bytes)
1678769286.721865 sending message 112 to peer 0x55c1587313b0 (10 bytes)
1678769286.721870 sending message 112 to peer 0x55c1587313b0 (10 bytes)
1678769286.721876 sending message 112 to peer 0x55c1587313b0 (13 bytes)
1678769286.721881 sending message 112 to peer 0x55c1587313b0 (15 bytes)
1678769286.721887 sending message 112 to peer 0x55c1587313b0 (5 bytes)
1678769286.721894 sending message 104 to peer 0x55c1587313b0 (0 bytes)
1678769286.721900 sending message 110 to peer 0x55c1587313b0 (0 bytes)
1678769286.721906 sending message 107 to peer 0x55c1587313b0 (4 bytes)
1678769286.721912 sending message 105 to peer 0x55c1587313b0 (10 bytes)
1678769286.721918 sending message 105 to peer 0x55c1587313b0 (13 bytes)
1678769286.721923 sending message 105 to peer 0x55c1587313b0 (11 bytes)
1678769286.721929 sending message 105 to peer 0x55c1587313b0 (73 bytes)
1678769286.721948 sending message 105 to peer 0x55c1587313b0 (25 bytes)
1678769286.721954 sending message 105 to peer 0x55c1587313b0 (20 bytes)
1678769286.721960 sending message 105 to peer 0x55c1587313b0 (15 bytes)
1678769286.721965 sending message 105 to peer 0x55c1587313b0 (19 bytes)
1678769286.721970 sending message 105 to peer 0x55c1587313b0 (28 bytes)
1678769286.721976 sending message 105 to peer 0x55c1587313b0 (51 bytes)
1678769286.721989 sending message 105 to peer 0x55c1587313b0 (21 bytes)
1678769286.722008 sending message 105 to peer 0x55c1587313b0 (23 bytes)
1678769286.722014 sending message 105 to peer 0x55c1587313b0 (35 bytes)
1678769286.722020 sending message 105 to peer 0x55c1587313b0 (52 bytes)
1678769286.722026 sending message 105 to peer 0x55c1587313b0 (19 bytes)
1678769286.722031 sending message 105 to peer 0x55c1587313b0 (8 bytes)
1678769286.722037 sending message 105 to peer 0x55c1587313b0 (28 bytes)
1678769286.722042 sending message 105 to peer 0x55c1587313b0 (26 bytes)
1678769286.722048 sending message 105 to peer 0x55c1587313b0 (18 bytes)
1678769286.722054 sending message 105 to peer 0x55c1587313b0 (16 bytes)
1678769286.722059 sending message 105 to peer 0x55c1587313b0 (12 bytes)
1678769286.722064 sending message 105 to peer 0x55c1587313b0 (20 bytes)
1678769286.722070 sending message 105 to peer 0x55c1587313b0 (10 bytes)
1678769286.722075 sending message 105 to peer 0x55c1587313b0 (24 bytes)
1678769286.722081 sending message 105 to peer 0x55c1587313b0 (16 bytes)
1678769286.722086 sending message 106 to peer 0x55c1587313b0 (0 bytes)
1678769286.722105 sending message 200 to peer 0x55c1587313b0 (4 bytes)
1678769286.722114 client loop enter
1678769286.722471 client_signal: Child exited
1678769286.822238 peer 0x55c1587313b0 message 207
1678769286.822261 sending message 208 to peer 0x55c1587313b0 (0 bytes)
1678769289.664126 peer 0x55c1587313b0 message 203
1678769289.664157 sending message 205 to peer 0x55c1587313b0 (0 bytes)
1678769289.665193 peer 0x55c1587313b0 message 204
1678769289.665205 client loop exit
